# JRE version: Java(TM) SE Runtime Environment (8.0_05-b13) (build 1.8.0_05-b13)
# Java VM: Java HotSpot(TM) 64-Bit Server VM (25.5-b02 mixed mode bsd-amd64 compressed oops)
Heap:
 PSYoungGen      total 23040K, used 16216K [0x00000007aab00000, 0x00000007ac300000, 0x00000007c0000000)
  eden space 21504K, 74% used [0x00000007aab00000,0x00000007ababe2e0,0x00000007ac000000)
  from space 1536K, 6% used [0x00000007ac180000,0x00000007ac198000,0x00000007ac300000)
  to   space 1536K, 0% used [0x00000007ac000000,0x00000007ac000000,0x00000007ac180000)
 ParOldGen       total 64000K, used 1635K [0x0000000780000000, 0x0000000783e80000, 0x00000007aab00000)
  object space 64000K, 2% used [0x0000000780000000,0x0000000780198ec8,0x0000000783e80000)
 Metaspace       used 8693K, capacity 8810K, committed 9088K, reserved 1056768K
  class space    used 1052K, capacity 1109K, committed 1152K, reserved 1048576K
GC Heap History (10 events):
Event: 1.176 GC heap before
{Heap before GC invocations=8 (full 0):
 PSYoungGen      total 5632K, used 4518K [0x00000007aab00000, 0x00000007ab600000, 0x00000007c0000000)
  eden space 4096K, 100% used [0x00000007aab00000,0x00000007aaf00000,0x00000007aaf00000)
  from space 1536K, 27% used [0x00000007aaf00000,0x00000007aaf69860,0x00000007ab080000)
  to   space 1536K, 0% used [0x00000007ab480000,0x00000007ab480000,0x00000007ab600000)
 ParOldGen       total 64000K, used 1217K [0x0000000780000000, 0x0000000783e80000, 0x00000007aab00000)
  object space 64000K, 1% used [0x0000000780000000,0x0000000780130658,0x0000000783e80000)
 Metaspace       used 8409K, capacity 8586K, committed 8832K, reserved 1056768K
  class space    used 1012K, capacity 1077K, committed 1152K, reserved 1048576K
Event: 1.179 GC heap after
Heap after GC invocations=8 (full 0):
 PSYoungGen      total 9728K, used 128K [0x00000007aab00000, 0x00000007ab600000, 0x00000007c0000000)
  eden space 8192K, 0% used [0x00000007aab00000,0x00000007aab00000,0x00000007ab300000)
  from space 1536K, 8% used [0x00000007ab480000,0x00000007ab4a0000,0x00000007ab600000)
  to   space 1536K, 0% used [0x00000007ab300000,0x00000007ab300000,0x00000007ab480000)
 ParOldGen       total 64000K, used 1555K [0x0000000780000000, 0x0000000783e80000, 0x00000007aab00000)
  object space 64000K, 2% used [0x0000000780000000,0x0000000780184ec8,0x0000000783e80000)
 Metaspace       used 8409K, capacity 8586K, committed 8832K, reserved 1056768K
  class space    used 1012K, capacity 1077K, committed 1152K, reserved 1048576K
}
Event: 1.346 GC heap before
{Heap before GC invocations=9 (full 0):
 PSYoungGen      total 9728K, used 8320K [0x00000007aab00000, 0x00000007ab600000, 0x00000007c0000000)
  eden space 8192K, 100% used [0x00000007aab00000,0x00000007ab300000,0x00000007ab300000)
  from space 1536K, 8% used [0x00000007ab480000,0x00000007ab4a0000,0x00000007ab600000)
  to   space 1536K, 0% used [0x00000007ab300000,0x00000007ab300000,0x00000007ab480000)
 ParOldGen       total 64000K, used 1555K [0x0000000780000000, 0x0000000783e80000, 0x00000007aab00000)
  object space 64000K, 2% used [0x0000000780000000,0x0000000780184ec8,0x0000000783e80000)
 Metaspace       used 8409K, capacity 8586K, committed 8832K, reserved 1056768K
  class space    used 1012K, capacity 1077K, committed 1152K, reserved 1048576K
Event: 1.348 GC heap after
Heap after GC invocations=9 (full 0):
 PSYoungGen      total 9728K, used 128K [0x00000007aab00000, 0x00000007abb00000, 0x00000007c0000000)
  eden space 8192K, 0% used [0x00000007aab00000,0x00000007aab00000,0x00000007ab300000)
  from space 1536K, 8% used [0x00000007ab300000,0x00000007ab320000,0x00000007ab480000)
  to   space 1536K, 0% used [0x00000007ab980000,0x00000007ab980000,0x00000007abb00000)
 ParOldGen       total 64000K, used 1611K [0x0000000780000000, 0x0000000783e80000, 0x00000007aab00000)
  object space 64000K, 2% used [0x0000000780000000,0x0000000780192ec8,0x0000000783e80000)
 Metaspace       used 8409K, capacity 8586K, committed 8832K, reserved 1056768K
  class space    used 1012K, capacity 1077K, committed 1152K, reserved 1048576K
}
Event: 1.507 GC heap before
{Heap before GC invocations=10 (full 0):
 PSYoungGen      total 9728K, used 8320K [0x00000007aab00000, 0x00000007abb00000, 0x00000007c0000000)
  eden space 8192K, 100% used [0x00000007aab00000,0x00000007ab300000,0x00000007ab300000)
  from space 1536K, 8% used [0x00000007ab300000,0x00000007ab320000,0x00000007ab480000)
  to   space 1536K, 0% used [0x00000007ab980000,0x00000007ab980000,0x00000007abb00000)
 ParOldGen       total 64000K, used 1611K [0x0000000780000000, 0x0000000783e80000, 0x00000007aab00000)
  object space 64000K, 2% used [0x0000000780000000,0x0000000780192ec8,0x0000000783e80000)
 Metaspace       used 8409K, capacity 8586K, committed 8832K, reserved 1056768K
  class space    used 1012K, capacity 1077K, committed 1152K, reserved 1048576K
Event: 1.508 GC heap after
Heap after GC invocations=10 (full 0):
 PSYoungGen      total 14848K, used 96K [0x00000007aab00000, 0x00000007abb00000, 0x00000007c0000000)
  eden space 13312K, 0% used [0x00000007aab00000,0x00000007aab00000,0x00000007ab800000)
  from space 1536K, 6% used [0x00000007ab980000,0x00000007ab998000,0x00000007abb00000)
  to   space 1536K, 0% used [0x00000007ab800000,0x00000007ab800000,0x00000007ab980000)
 ParOldGen       total 64000K, used 1619K [0x0000000780000000, 0x0000000783e80000, 0x00000007aab00000)
  object space 64000K, 2% used [0x0000000780000000,0x0000000780194ec8,0x0000000783e80000)
 Metaspace       used 8409K, capacity 8586K, committed 8832K, reserved 1056768K
  class space    used 1012K, capacity 1077K, committed 1152K, reserved 1048576K
}
Event: 1.788 GC heap before
{Heap before GC invocations=11 (full 0):
 PSYoungGen      total 14848K, used 13408K [0x00000007aab00000, 0x00000007abb00000, 0x00000007c0000000)
  eden space 13312K, 100% used [0x00000007aab00000,0x00000007ab800000,0x00000007ab800000)
  from space 1536K, 6% used [0x00000007ab980000,0x00000007ab998000,0x00000007abb00000)
  to   space 1536K, 0% used [0x00000007ab800000,0x00000007ab800000,0x00000007ab980000)
 ParOldGen       total 64000K, used 1619K [0x0000000780000000, 0x0000000783e80000, 0x00000007aab00000)
  object space 64000K, 2% used [0x0000000780000000,0x0000000780194ec8,0x0000000783e80000)
 Metaspace       used 8409K, capacity 8586K, committed 8832K, reserved 1056768K
  class space    used 1012K, capacity 1077K, committed 1152K, reserved 1048576K
Event: 1.789 GC heap after
Heap after GC invocations=11 (full 0):
 PSYoungGen      total 14848K, used 64K [0x00000007aab00000, 0x00000007ac300000, 0x00000007c0000000)
  eden space 13312K, 0% used [0x00000007aab00000,0x00000007aab00000,0x00000007ab800000)
  from space 1536K, 4% used [0x00000007ab800000,0x00000007ab810000,0x00000007ab980000)
  to   space 1536K, 0% used [0x00000007ac180000,0x00000007ac180000,0x00000007ac300000)
 ParOldGen       total 64000K, used 1627K [0x0000000780000000, 0x0000000783e80000, 0x00000007aab00000)
  object space 64000K, 2% used [0x0000000780000000,0x0000000780196ec8,0x0000000783e80000)
 Metaspace       used 8409K, capacity 8586K, committed 8832K, reserved 1056768K
  class space    used 1012K, capacity 1077K, committed 1152K, reserved 1048576K
}
Event: 2.070 GC heap before
{Heap before GC invocations=12 (full 0):
 PSYoungGen      total 14848K, used 13376K [0x00000007aab00000, 0x00000007ac300000, 0x00000007c0000000)
  eden space 13312K, 100% used [0x00000007aab00000,0x00000007ab800000,0x00000007ab800000)
  from space 1536K, 4% used [0x00000007ab800000,0x00000007ab810000,0x00000007ab980000)
  to   space 1536K, 0% used [0x00000007ac180000,0x00000007ac180000,0x00000007ac300000)
 ParOldGen       total 64000K, used 1627K [0x0000000780000000, 0x0000000783e80000, 0x00000007aab00000)
  object space 64000K, 2% used [0x0000000780000000,0x0000000780196ec8,0x0000000783e80000)
 Metaspace       used 8409K, capacity 8586K, committed 8832K, reserved 1056768K
  class space    used 1012K, capacity 1077K, committed 1152K, reserved 1048576K
Event: 2.070 GC heap after
Heap after GC invocations=12 (full 0):
 PSYoungGen      total 23040K, used 96K [0x00000007aab00000, 0x00000007ac300000, 0x00000007c0000000)
  eden space 21504K, 0% used [0x00000007aab00000,0x00000007aab00000,0x00000007ac000000)
  from space 1536K, 6% used [0x00000007ac180000,0x00000007ac198000,0x00000007ac300000)
  to   space 1536K, 0% used [0x00000007ac000000,0x00000007ac000000,0x00000007ac180000)
 ParOldGen       total 64000K, used 1635K [0x0000000780000000, 0x0000000783e80000, 0x00000007aab00000)
  object space 64000K, 2% used [0x0000000780000000,0x0000000780198ec8,0x0000000783e80000)
 Metaspace       used 8409K, capacity 8586K, committed 8832K, reserved 1056768K
  class space    used 1012K, capacity 1077K, committed 1152K, reserved 1048576K
}

