# JRE version: Java(TM) SE Runtime Environment (8.0_05-b13) (build 1.8.0_05-b13)
# Java VM: Java HotSpot(TM) 64-Bit Server VM (25.5-b02 mixed mode bsd-amd64 compressed oops)
Heap:
 PSYoungGen      total 12288K, used 9302K [0x00000007aab00000, 0x00000007ab880000, 0x00000007c0000000)
  eden space 10752K, 78% used [0x00000007aab00000,0x00000007ab345870,0x00000007ab580000)
  from space 1536K, 54% used [0x00000007ab700000,0x00000007ab7d0000,0x00000007ab880000)
  to   space 1536K, 0% used [0x00000007ab580000,0x00000007ab580000,0x00000007ab700000)
 ParOldGen       total 64000K, used 1584K [0x0000000780000000, 0x0000000783e80000, 0x00000007aab00000)
  object space 64000K, 2% used [0x0000000780000000,0x000000078018c168,0x0000000783e80000)
 Metaspace       used 9119K, capacity 9278K, committed 9344K, reserved 1056768K
  class space    used 1083K, capacity 1141K, committed 1152K, reserved 1048576K
GC Heap History (10 events):
Event: 1.396 GC heap before
{Heap before GC invocations=8 (full 0):
 PSYoungGen      total 3072K, used 2514K [0x00000007aab00000, 0x00000007ab100000, 0x00000007c0000000)
  eden space 2048K, 100% used [0x00000007aab00000,0x00000007aad00000,0x00000007aad00000)
  from space 1024K, 45% used [0x00000007aad00000,0x00000007aad74b00,0x00000007aae00000)
  to   space 1024K, 0% used [0x00000007ab000000,0x00000007ab000000,0x00000007ab100000)
 ParOldGen       total 64000K, used 1136K [0x0000000780000000, 0x0000000783e80000, 0x00000007aab00000)
  object space 64000K, 1% used [0x0000000780000000,0x000000078011c050,0x0000000783e80000)
 Metaspace       used 8782K, capacity 8926K, committed 9088K, reserved 1056768K
  class space    used 1052K, capacity 1109K, committed 1152K, reserved 1048576K
Event: 1.397 GC heap after
Heap after GC invocations=8 (full 0):
 PSYoungGen      total 5120K, used 379K [0x00000007aab00000, 0x00000007ab100000, 0x00000007c0000000)
  eden space 4096K, 0% used [0x00000007aab00000,0x00000007aab00000,0x00000007aaf00000)
  from space 1024K, 37% used [0x00000007ab000000,0x00000007ab05efa0,0x00000007ab100000)
  to   space 1024K, 0% used [0x00000007aaf00000,0x00000007aaf00000,0x00000007ab000000)
 ParOldGen       total 64000K, used 1260K [0x0000000780000000, 0x0000000783e80000, 0x00000007aab00000)
  object space 64000K, 1% used [0x0000000780000000,0x000000078013b060,0x0000000783e80000)
 Metaspace       used 8782K, capacity 8926K, committed 9088K, reserved 1056768K
  class space    used 1052K, capacity 1109K, committed 1152K, reserved 1048576K
}
Event: 1.681 GC heap before
{Heap before GC invocations=9 (full 0):
 PSYoungGen      total 5120K, used 4475K [0x00000007aab00000, 0x00000007ab100000, 0x00000007c0000000)
  eden space 4096K, 100% used [0x00000007aab00000,0x00000007aaf00000,0x00000007aaf00000)
  from space 1024K, 37% used [0x00000007ab000000,0x00000007ab05efa0,0x00000007ab100000)
  to   space 1024K, 0% used [0x00000007aaf00000,0x00000007aaf00000,0x00000007ab000000)
 ParOldGen       total 64000K, used 1260K [0x0000000780000000, 0x0000000783e80000, 0x00000007aab00000)
  object space 64000K, 1% used [0x0000000780000000,0x000000078013b060,0x0000000783e80000)
 Metaspace       used 8789K, capacity 8926K, committed 9088K, reserved 1056768K
  class space    used 1052K, capacity 1109K, committed 1152K, reserved 1048576K
Event: 1.693 GC heap after
Heap after GC invocations=9 (full 0):
 PSYoungGen      total 5120K, used 96K [0x00000007aab00000, 0x00000007ab480000, 0x00000007c0000000)
  eden space 4096K, 0% used [0x00000007aab00000,0x00000007aab00000,0x00000007aaf00000)
  from space 1024K, 9% used [0x00000007aaf00000,0x00000007aaf18000,0x00000007ab000000)
  to   space 1536K, 0% used [0x00000007ab300000,0x00000007ab300000,0x00000007ab480000)
 ParOldGen       total 64000K, used 1500K [0x0000000780000000, 0x0000000783e80000, 0x00000007aab00000)
  object space 64000K, 2% used [0x0000000780000000,0x0000000780177158,0x0000000783e80000)
 Metaspace       used 8789K, capacity 8926K, committed 9088K, reserved 1056768K
  class space    used 1052K, capacity 1109K, committed 1152K, reserved 1048576K
}
Event: 1.923 GC heap before
{Heap before GC invocations=10 (full 0):
 PSYoungGen      total 5120K, used 4192K [0x00000007aab00000, 0x00000007ab480000, 0x00000007c0000000)
  eden space 4096K, 100% used [0x00000007aab00000,0x00000007aaf00000,0x00000007aaf00000)
  from space 1024K, 9% used [0x00000007aaf00000,0x00000007aaf18000,0x00000007ab000000)
  to   space 1536K, 0% used [0x00000007ab300000,0x00000007ab300000,0x00000007ab480000)
 ParOldGen       total 64000K, used 1500K [0x0000000780000000, 0x0000000783e80000, 0x00000007aab00000)
  object space 64000K, 2% used [0x0000000780000000,0x0000000780177158,0x0000000783e80000)
 Metaspace       used 8793K, capacity 8926K, committed 9088K, reserved 1056768K
  class space    used 1052K, capacity 1109K, committed 1152K, reserved 1048576K
Event: 1.927 GC heap after
Heap after GC invocations=10 (full 0):
 PSYoungGen      total 8192K, used 32K [0x00000007aab00000, 0x00000007ab480000, 0x00000007c0000000)
  eden space 6656K, 0% used [0x00000007aab00000,0x00000007aab00000,0x00000007ab180000)
  from space 1536K, 2% used [0x00000007ab300000,0x00000007ab308000,0x00000007ab480000)
  to   space 1536K, 0% used [0x00000007ab180000,0x00000007ab180000,0x00000007ab300000)
 ParOldGen       total 64000K, used 1560K [0x0000000780000000, 0x0000000783e80000, 0x00000007aab00000)
  object space 64000K, 2% used [0x0000000780000000,0x0000000780186168,0x0000000783e80000)
 Metaspace       used 8793K, capacity 8926K, committed 9088K, reserved 1056768K
  class space    used 1052K, capacity 1109K, committed 1152K, reserved 1048576K
}
Event: 2.297 GC heap before
{Heap before GC invocations=11 (full 0):
 PSYoungGen      total 8192K, used 6688K [0x00000007aab00000, 0x00000007ab480000, 0x00000007c0000000)
  eden space 6656K, 100% used [0x00000007aab00000,0x00000007ab180000,0x00000007ab180000)
  from space 1536K, 2% used [0x00000007ab300000,0x00000007ab308000,0x00000007ab480000)
  to   space 1536K, 0% used [0x00000007ab180000,0x00000007ab180000,0x00000007ab300000)
 ParOldGen       total 64000K, used 1560K [0x0000000780000000, 0x0000000783e80000, 0x00000007aab00000)
  object space 64000K, 2% used [0x0000000780000000,0x0000000780186168,0x0000000783e80000)
 Metaspace       used 8796K, capacity 8926K, committed 9088K, reserved 1056768K
  class space    used 1052K, capacity 1109K, committed 1152K, reserved 1048576K
Event: 2.308 GC heap after
Heap after GC invocations=11 (full 0):
 PSYoungGen      total 8192K, used 64K [0x00000007aab00000, 0x00000007ab880000, 0x00000007c0000000)
  eden space 6656K, 0% used [0x00000007aab00000,0x00000007aab00000,0x00000007ab180000)
  from space 1536K, 4% used [0x00000007ab180000,0x00000007ab190000,0x00000007ab300000)
  to   space 1536K, 0% used [0x00000007ab700000,0x00000007ab700000,0x00000007ab880000)
 ParOldGen       total 64000K, used 1568K [0x0000000780000000, 0x0000000783e80000, 0x00000007aab00000)
  object space 64000K, 2% used [0x0000000780000000,0x0000000780188168,0x0000000783e80000)
 Metaspace       used 8796K, capacity 8926K, committed 9088K, reserved 1056768K
  class space    used 1052K, capacity 1109K, committed 1152K, reserved 1048576K
}
Event: 2.471 GC heap before
{Heap before GC invocations=12 (full 0):
 PSYoungGen      total 8192K, used 6720K [0x00000007aab00000, 0x00000007ab880000, 0x00000007c0000000)
  eden space 6656K, 100% used [0x00000007aab00000,0x00000007ab180000,0x00000007ab180000)
  from space 1536K, 4% used [0x00000007ab180000,0x00000007ab190000,0x00000007ab300000)
  to   space 1536K, 0% used [0x00000007ab700000,0x00000007ab700000,0x00000007ab880000)
 ParOldGen       total 64000K, used 1568K [0x0000000780000000, 0x0000000783e80000, 0x00000007aab00000)
  object space 64000K, 2% used [0x0000000780000000,0x0000000780188168,0x0000000783e80000)
 Metaspace       used 8848K, capacity 8990K, committed 9088K, reserved 1056768K
  class space    used 1058K, capacity 1109K, committed 1152K, reserved 1048576K
Event: 2.483 GC heap after
Heap after GC invocations=12 (full 0):
 PSYoungGen      total 12288K, used 832K [0x00000007aab00000, 0x00000007ab880000, 0x00000007c0000000)
  eden space 10752K, 0% used [0x00000007aab00000,0x00000007aab00000,0x00000007ab580000)
  from space 1536K, 54% used [0x00000007ab700000,0x00000007ab7d0000,0x00000007ab880000)
  to   space 1536K, 0% used [0x00000007ab580000,0x00000007ab580000,0x00000007ab700000)
 ParOldGen       total 64000K, used 1584K [0x0000000780000000, 0x0000000783e80000, 0x00000007aab00000)
  object space 64000K, 2% used [0x0000000780000000,0x000000078018c168,0x0000000783e80000)
 Metaspace       used 8848K, capacity 8990K, committed 9088K, reserved 1056768K
  class space    used 1058K, capacity 1109K, committed 1152K, reserved 1048576K
}

