# JRE version: Java(TM) SE Runtime Environment (8.0_05-b13) (build 1.8.0_05-b13)
# Java VM: Java HotSpot(TM) 64-Bit Server VM (25.5-b02 mixed mode bsd-amd64 compressed oops)
Heap:
 PSYoungGen      total 11776K, used 5657K [0x00000007aab00000, 0x00000007ab800000, 0x00000007c0000000)
  eden space 10240K, 51% used [0x00000007aab00000,0x00000007ab02e6c8,0x00000007ab500000)
  from space 1536K, 22% used [0x00000007ab680000,0x00000007ab6d8000,0x00000007ab800000)
  to   space 1536K, 0% used [0x00000007ab500000,0x00000007ab500000,0x00000007ab680000)
 ParOldGen       total 64000K, used 1612K [0x0000000780000000, 0x0000000783e80000, 0x00000007aab00000)
  object space 64000K, 2% used [0x0000000780000000,0x0000000780193178,0x0000000783e80000)
 Metaspace       used 9127K, capacity 9278K, committed 9344K, reserved 1056768K
  class space    used 1094K, capacity 1141K, committed 1152K, reserved 1048576K
GC Heap History (10 events):
Event: 1.303 GC heap before
{Heap before GC invocations=8 (full 0):
 PSYoungGen      total 3072K, used 2482K [0x00000007aab00000, 0x00000007ab100000, 0x00000007c0000000)
  eden space 2048K, 100% used [0x00000007aab00000,0x00000007aad00000,0x00000007aad00000)
  from space 1024K, 42% used [0x00000007aad00000,0x00000007aad6cb00,0x00000007aae00000)
  to   space 1024K, 0% used [0x00000007ab000000,0x00000007ab000000,0x00000007ab100000)
 ParOldGen       total 64000K, used 1100K [0x0000000780000000, 0x0000000783e80000, 0x00000007aab00000)
  object space 64000K, 1% used [0x0000000780000000,0x0000000780113060,0x0000000783e80000)
 Metaspace       used 8665K, capacity 8798K, committed 9088K, reserved 1056768K
  class space    used 1043K, capacity 1109K, committed 1152K, reserved 1048576K
Event: 1.315 GC heap after
Heap after GC invocations=8 (full 0):
 PSYoungGen      total 5120K, used 455K [0x00000007aab00000, 0x00000007ab100000, 0x00000007c0000000)
  eden space 4096K, 0% used [0x00000007aab00000,0x00000007aab00000,0x00000007aaf00000)
  from space 1024K, 44% used [0x00000007ab000000,0x00000007ab071fd0,0x00000007ab100000)
  to   space 1024K, 0% used [0x00000007aaf00000,0x00000007aaf00000,0x00000007ab000000)
 ParOldGen       total 64000K, used 1232K [0x0000000780000000, 0x0000000783e80000, 0x00000007aab00000)
  object space 64000K, 1% used [0x0000000780000000,0x0000000780134070,0x0000000783e80000)
 Metaspace       used 8665K, capacity 8798K, committed 9088K, reserved 1056768K
  class space    used 1043K, capacity 1109K, committed 1152K, reserved 1048576K
}
Event: 1.584 GC heap before
{Heap before GC invocations=9 (full 0):
 PSYoungGen      total 5120K, used 4551K [0x00000007aab00000, 0x00000007ab100000, 0x00000007c0000000)
  eden space 4096K, 100% used [0x00000007aab00000,0x00000007aaf00000,0x00000007aaf00000)
  from space 1024K, 44% used [0x00000007ab000000,0x00000007ab071fd0,0x00000007ab100000)
  to   space 1024K, 0% used [0x00000007aaf00000,0x00000007aaf00000,0x00000007ab000000)
 ParOldGen       total 64000K, used 1232K [0x0000000780000000, 0x0000000783e80000, 0x00000007aab00000)
  object space 64000K, 1% used [0x0000000780000000,0x0000000780134070,0x0000000783e80000)
 Metaspace       used 8677K, capacity 8798K, committed 9088K, reserved 1056768K
  class space    used 1043K, capacity 1109K, committed 1152K, reserved 1048576K
Event: 1.586 GC heap after
Heap after GC invocations=9 (full 0):
 PSYoungGen      total 5120K, used 128K [0x00000007aab00000, 0x00000007ab380000, 0x00000007c0000000)
  eden space 4096K, 0% used [0x00000007aab00000,0x00000007aab00000,0x00000007aaf00000)
  from space 1024K, 12% used [0x00000007aaf00000,0x00000007aaf20000,0x00000007ab000000)
  to   space 1024K, 0% used [0x00000007ab280000,0x00000007ab280000,0x00000007ab380000)
 ParOldGen       total 64000K, used 1528K [0x0000000780000000, 0x0000000783e80000, 0x00000007aab00000)
  object space 64000K, 2% used [0x0000000780000000,0x000000078017e168,0x0000000783e80000)
 Metaspace       used 8677K, capacity 8798K, committed 9088K, reserved 1056768K
  class space    used 1043K, capacity 1109K, committed 1152K, reserved 1048576K
}
Event: 1.751 GC heap before
{Heap before GC invocations=10 (full 0):
 PSYoungGen      total 5120K, used 4224K [0x00000007aab00000, 0x00000007ab380000, 0x00000007c0000000)
  eden space 4096K, 100% used [0x00000007aab00000,0x00000007aaf00000,0x00000007aaf00000)
  from space 1024K, 12% used [0x00000007aaf00000,0x00000007aaf20000,0x00000007ab000000)
  to   space 1024K, 0% used [0x00000007ab280000,0x00000007ab280000,0x00000007ab380000)
 ParOldGen       total 64000K, used 1528K [0x0000000780000000, 0x0000000783e80000, 0x00000007aab00000)
  object space 64000K, 2% used [0x0000000780000000,0x000000078017e168,0x0000000783e80000)
 Metaspace       used 8682K, capacity 8862K, committed 9088K, reserved 1056768K
  class space    used 1043K, capacity 1109K, committed 1152K, reserved 1048576K
Event: 1.752 GC heap after
Heap after GC invocations=10 (full 0):
 PSYoungGen      total 7168K, used 128K [0x00000007aab00000, 0x00000007ab480000, 0x00000007c0000000)
  eden space 6144K, 0% used [0x00000007aab00000,0x00000007aab00000,0x00000007ab100000)
  from space 1024K, 12% used [0x00000007ab280000,0x00000007ab2a0000,0x00000007ab380000)
  to   space 1536K, 0% used [0x00000007ab100000,0x00000007ab100000,0x00000007ab280000)
 ParOldGen       total 64000K, used 1580K [0x0000000780000000, 0x0000000783e80000, 0x00000007aab00000)
  object space 64000K, 2% used [0x0000000780000000,0x000000078018b178,0x0000000783e80000)
 Metaspace       used 8682K, capacity 8862K, committed 9088K, reserved 1056768K
  class space    used 1043K, capacity 1109K, committed 1152K, reserved 1048576K
}
Event: 2.078 GC heap before
{Heap before GC invocations=11 (full 0):
 PSYoungGen      total 7168K, used 6272K [0x00000007aab00000, 0x00000007ab480000, 0x00000007c0000000)
  eden space 6144K, 100% used [0x00000007aab00000,0x00000007ab100000,0x00000007ab100000)
  from space 1024K, 12% used [0x00000007ab280000,0x00000007ab2a0000,0x00000007ab380000)
  to   space 1536K, 0% used [0x00000007ab100000,0x00000007ab100000,0x00000007ab280000)
 ParOldGen       total 64000K, used 1580K [0x0000000780000000, 0x0000000783e80000, 0x00000007aab00000)
  object space 64000K, 2% used [0x0000000780000000,0x000000078018b178,0x0000000783e80000)
 Metaspace       used 8685K, capacity 8862K, committed 9088K, reserved 1056768K
  class space    used 1043K, capacity 1109K, committed 1152K, reserved 1048576K
Event: 2.081 GC heap after
Heap after GC invocations=11 (full 0):
 PSYoungGen      total 7680K, used 64K [0x00000007aab00000, 0x00000007ab800000, 0x00000007c0000000)
  eden space 6144K, 0% used [0x00000007aab00000,0x00000007aab00000,0x00000007ab100000)
  from space 1536K, 4% used [0x00000007ab100000,0x00000007ab110000,0x00000007ab280000)
  to   space 1536K, 0% used [0x00000007ab680000,0x00000007ab680000,0x00000007ab800000)
 ParOldGen       total 64000K, used 1596K [0x0000000780000000, 0x0000000783e80000, 0x00000007aab00000)
  object space 64000K, 2% used [0x0000000780000000,0x000000078018f178,0x0000000783e80000)
 Metaspace       used 8685K, capacity 8862K, committed 9088K, reserved 1056768K
  class space    used 1043K, capacity 1109K, committed 1152K, reserved 1048576K
}
Event: 2.372 GC heap before
{Heap before GC invocations=12 (full 0):
 PSYoungGen      total 7680K, used 6208K [0x00000007aab00000, 0x00000007ab800000, 0x00000007c0000000)
  eden space 6144K, 100% used [0x00000007aab00000,0x00000007ab100000,0x00000007ab100000)
  from space 1536K, 4% used [0x00000007ab100000,0x00000007ab110000,0x00000007ab280000)
  to   space 1536K, 0% used [0x00000007ab680000,0x00000007ab680000,0x00000007ab800000)
 ParOldGen       total 64000K, used 1596K [0x0000000780000000, 0x0000000783e80000, 0x00000007aab00000)
  object space 64000K, 2% used [0x0000000780000000,0x000000078018f178,0x0000000783e80000)
 Metaspace       used 8700K, capacity 8862K, committed 9088K, reserved 1056768K
  class space    used 1044K, capacity 1109K, committed 1152K, reserved 1048576K
Event: 2.374 GC heap after
Heap after GC invocations=12 (full 0):
 PSYoungGen      total 11776K, used 352K [0x00000007aab00000, 0x00000007ab800000, 0x00000007c0000000)
  eden space 10240K, 0% used [0x00000007aab00000,0x00000007aab00000,0x00000007ab500000)
  from space 1536K, 22% used [0x00000007ab680000,0x00000007ab6d8000,0x00000007ab800000)
  to   space 1536K, 0% used [0x00000007ab500000,0x00000007ab500000,0x00000007ab680000)
 ParOldGen       total 64000K, used 1612K [0x0000000780000000, 0x0000000783e80000, 0x00000007aab00000)
  object space 64000K, 2% used [0x0000000780000000,0x0000000780193178,0x0000000783e80000)
 Metaspace       used 8700K, capacity 8862K, committed 9088K, reserved 1056768K
  class space    used 1044K, capacity 1109K, committed 1152K, reserved 1048576K
}

