# JRE version: Java(TM) SE Runtime Environment (8.0_05-b13) (build 1.8.0_05-b13)
# Java VM: Java HotSpot(TM) 64-Bit Server VM (25.5-b02 mixed mode bsd-amd64 compressed oops)
Heap:
 PSYoungGen      total 17920K, used 15852K [0x00000007aab00000, 0x00000007abe00000, 0x00000007c0000000)
  eden space 16384K, 96% used [0x00000007aab00000,0x00000007aba63048,0x00000007abb00000)
  from space 1536K, 6% used [0x00000007abc80000,0x00000007abc98000,0x00000007abe00000)
  to   space 1536K, 0% used [0x00000007abb00000,0x00000007abb00000,0x00000007abc80000)
 ParOldGen       total 64000K, used 1596K [0x0000000780000000, 0x0000000783e80000, 0x00000007aab00000)
  object space 64000K, 2% used [0x0000000780000000,0x000000078018f178,0x0000000783e80000)
 Metaspace       used 8678K, capacity 8814K, committed 9088K, reserved 1056768K
  class space    used 1043K, capacity 1109K, committed 1152K, reserved 1048576K
GC Heap History (10 events):
Event: 1.414 GC heap before
{Heap before GC invocations=10 (full 0):
 PSYoungGen      total 5120K, used 4192K [0x00000007aab00000, 0x00000007ab380000, 0x00000007c0000000)
  eden space 4096K, 100% used [0x00000007aab00000,0x00000007aaf00000,0x00000007aaf00000)
  from space 1024K, 9% used [0x00000007aaf00000,0x00000007aaf18000,0x00000007ab000000)
  to   space 1024K, 0% used [0x00000007ab280000,0x00000007ab280000,0x00000007ab380000)
 ParOldGen       total 64000K, used 1504K [0x0000000780000000, 0x0000000783e80000, 0x00000007aab00000)
  object space 64000K, 2% used [0x0000000780000000,0x0000000780178168,0x0000000783e80000)
 Metaspace       used 8656K, capacity 8814K, committed 9088K, reserved 1056768K
  class space    used 1043K, capacity 1109K, committed 1152K, reserved 1048576K
Event: 1.424 GC heap after
Heap after GC invocations=10 (full 0):
 PSYoungGen      total 7168K, used 160K [0x00000007aab00000, 0x00000007ab480000, 0x00000007c0000000)
  eden space 6144K, 0% used [0x00000007aab00000,0x00000007aab00000,0x00000007ab100000)
  from space 1024K, 15% used [0x00000007ab280000,0x00000007ab2a8000,0x00000007ab380000)
  to   space 1536K, 0% used [0x00000007ab100000,0x00000007ab100000,0x00000007ab280000)
 ParOldGen       total 64000K, used 1520K [0x0000000780000000, 0x0000000783e80000, 0x00000007aab00000)
  object space 64000K, 2% used [0x0000000780000000,0x000000078017c168,0x0000000783e80000)
 Metaspace       used 8656K, capacity 8814K, committed 9088K, reserved 1056768K
  class space    used 1043K, capacity 1109K, committed 1152K, reserved 1048576K
}
Event: 1.518 GC heap before
{Heap before GC invocations=11 (full 0):
 PSYoungGen      total 7168K, used 6304K [0x00000007aab00000, 0x00000007ab480000, 0x00000007c0000000)
  eden space 6144K, 100% used [0x00000007aab00000,0x00000007ab100000,0x00000007ab100000)
  from space 1024K, 15% used [0x00000007ab280000,0x00000007ab2a8000,0x00000007ab380000)
  to   space 1536K, 0% used [0x00000007ab100000,0x00000007ab100000,0x00000007ab280000)
 ParOldGen       total 64000K, used 1520K [0x0000000780000000, 0x0000000783e80000, 0x00000007aab00000)
  object space 64000K, 2% used [0x0000000780000000,0x000000078017c168,0x0000000783e80000)
 Metaspace       used 8664K, capacity 8814K, committed 9088K, reserved 1056768K
  class space    used 1043K, capacity 1109K, committed 1152K, reserved 1048576K
Event: 1.518 GC heap after
Heap after GC invocations=11 (full 0):
 PSYoungGen      total 7680K, used 128K [0x00000007aab00000, 0x00000007ab800000, 0x00000007c0000000)
  eden space 6144K, 0% used [0x00000007aab00000,0x00000007aab00000,0x00000007ab100000)
  from space 1536K, 8% used [0x00000007ab100000,0x00000007ab120000,0x00000007ab280000)
  to   space 1536K, 0% used [0x00000007ab680000,0x00000007ab680000,0x00000007ab800000)
 ParOldGen       total 64000K, used 1588K [0x0000000780000000, 0x0000000783e80000, 0x00000007aab00000)
  object space 64000K, 2% used [0x0000000780000000,0x000000078018d178,0x0000000783e80000)
 Metaspace       used 8664K, capacity 8814K, committed 9088K, reserved 1056768K
  class space    used 1043K, capacity 1109K, committed 1152K, reserved 1048576K
}
Event: 1.592 GC heap before
{Heap before GC invocations=12 (full 0):
 PSYoungGen      total 7680K, used 6272K [0x00000007aab00000, 0x00000007ab800000, 0x00000007c0000000)
  eden space 6144K, 100% used [0x00000007aab00000,0x00000007ab100000,0x00000007ab100000)
  from space 1536K, 8% used [0x00000007ab100000,0x00000007ab120000,0x00000007ab280000)
  to   space 1536K, 0% used [0x00000007ab680000,0x00000007ab680000,0x00000007ab800000)
 ParOldGen       total 64000K, used 1588K [0x0000000780000000, 0x0000000783e80000, 0x00000007aab00000)
  object space 64000K, 2% used [0x0000000780000000,0x000000078018d178,0x0000000783e80000)
 Metaspace       used 8667K, capacity 8814K, committed 9088K, reserved 1056768K
  class space    used 1043K, capacity 1109K, committed 1152K, reserved 1048576K
Event: 1.594 GC heap after
Heap after GC invocations=12 (full 0):
 PSYoungGen      total 11776K, used 128K [0x00000007aab00000, 0x00000007ab800000, 0x00000007c0000000)
  eden space 10240K, 0% used [0x00000007aab00000,0x00000007aab00000,0x00000007ab500000)
  from space 1536K, 8% used [0x00000007ab680000,0x00000007ab6a0000,0x00000007ab800000)
  to   space 1536K, 0% used [0x00000007ab500000,0x00000007ab500000,0x00000007ab680000)
 ParOldGen       total 64000K, used 1588K [0x0000000780000000, 0x0000000783e80000, 0x00000007aab00000)
  object space 64000K, 2% used [0x0000000780000000,0x000000078018d178,0x0000000783e80000)
 Metaspace       used 8667K, capacity 8814K, committed 9088K, reserved 1056768K
  class space    used 1043K, capacity 1109K, committed 1152K, reserved 1048576K
}
Event: 1.711 GC heap before
{Heap before GC invocations=13 (full 0):
 PSYoungGen      total 11776K, used 10368K [0x00000007aab00000, 0x00000007ab800000, 0x00000007c0000000)
  eden space 10240K, 100% used [0x00000007aab00000,0x00000007ab500000,0x00000007ab500000)
  from space 1536K, 8% used [0x00000007ab680000,0x00000007ab6a0000,0x00000007ab800000)
  to   space 1536K, 0% used [0x00000007ab500000,0x00000007ab500000,0x00000007ab680000)
 ParOldGen       total 64000K, used 1588K [0x0000000780000000, 0x0000000783e80000, 0x00000007aab00000)
  object space 64000K, 2% used [0x0000000780000000,0x000000078018d178,0x0000000783e80000)
 Metaspace       used 8673K, capacity 8814K, committed 9088K, reserved 1056768K
  class space    used 1043K, capacity 1109K, committed 1152K, reserved 1048576K
Event: 1.712 GC heap after
Heap after GC invocations=13 (full 0):
 PSYoungGen      total 11776K, used 96K [0x00000007aab00000, 0x00000007abe00000, 0x00000007c0000000)
  eden space 10240K, 0% used [0x00000007aab00000,0x00000007aab00000,0x00000007ab500000)
  from space 1536K, 6% used [0x00000007ab500000,0x00000007ab518000,0x00000007ab680000)
  to   space 1536K, 0% used [0x00000007abc80000,0x00000007abc80000,0x00000007abe00000)
 ParOldGen       total 64000K, used 1596K [0x0000000780000000, 0x0000000783e80000, 0x00000007aab00000)
  object space 64000K, 2% used [0x0000000780000000,0x000000078018f178,0x0000000783e80000)
 Metaspace       used 8673K, capacity 8814K, committed 9088K, reserved 1056768K
  class space    used 1043K, capacity 1109K, committed 1152K, reserved 1048576K
}
Event: 1.809 GC heap before
{Heap before GC invocations=14 (full 0):
 PSYoungGen      total 11776K, used 10336K [0x00000007aab00000, 0x00000007abe00000, 0x00000007c0000000)
  eden space 10240K, 100% used [0x00000007aab00000,0x00000007ab500000,0x00000007ab500000)
  from space 1536K, 6% used [0x00000007ab500000,0x00000007ab518000,0x00000007ab680000)
  to   space 1536K, 0% used [0x00000007abc80000,0x00000007abc80000,0x00000007abe00000)
 ParOldGen       total 64000K, used 1596K [0x0000000780000000, 0x0000000783e80000, 0x00000007aab00000)
  object space 64000K, 2% used [0x0000000780000000,0x000000078018f178,0x0000000783e80000)
 Metaspace       used 8678K, capacity 8814K, committed 9088K, reserved 1056768K
  class space    used 1043K, capacity 1109K, committed 1152K, reserved 1048576K
Event: 1.809 GC heap after
Heap after GC invocations=14 (full 0):
 PSYoungGen      total 17920K, used 96K [0x00000007aab00000, 0x00000007abe00000, 0x00000007c0000000)
  eden space 16384K, 0% used [0x00000007aab00000,0x00000007aab00000,0x00000007abb00000)
  from space 1536K, 6% used [0x00000007abc80000,0x00000007abc98000,0x00000007abe00000)
  to   space 1536K, 0% used [0x00000007abb00000,0x00000007abb00000,0x00000007abc80000)
 ParOldGen       total 64000K, used 1596K [0x0000000780000000, 0x0000000783e80000, 0x00000007aab00000)
  object space 64000K, 2% used [0x0000000780000000,0x000000078018f178,0x0000000783e80000)
 Metaspace       used 8678K, capacity 8814K, committed 9088K, reserved 1056768K
  class space    used 1043K, capacity 1109K, committed 1152K, reserved 1048576K
}

