# JRE version: Java(TM) SE Runtime Environment (8.0_05-b13) (build 1.8.0_05-b13)
# Java VM: Java HotSpot(TM) 64-Bit Server VM (25.5-b02 mixed mode bsd-amd64 compressed oops)
Heap:
 PSYoungGen      total 18944K, used 6126K [0x00000007aab00000, 0x00000007ac980000, 0x00000007c0000000)
  eden space 17408K, 34% used [0x00000007aab00000,0x00000007ab0cb838,0x00000007abc00000)
  from space 1536K, 12% used [0x00000007abc00000,0x00000007abc30000,0x00000007abd80000)
  to   space 1536K, 0% used [0x00000007ac800000,0x00000007ac800000,0x00000007ac980000)
 ParOldGen       total 64000K, used 1612K [0x0000000780000000, 0x0000000783e80000, 0x00000007aab00000)
  object space 64000K, 2% used [0x0000000780000000,0x0000000780193158,0x0000000783e80000)
 Metaspace       used 8686K, capacity 8810K, committed 9088K, reserved 1056768K
  class space    used 1043K, capacity 1109K, committed 1152K, reserved 1048576K
GC Heap History (10 events):
Event: 1.414 GC heap before
{Heap before GC invocations=11 (full 0):
 PSYoungGen      total 8192K, used 6816K [0x00000007aab00000, 0x00000007ab480000, 0x00000007c0000000)
  eden space 6656K, 100% used [0x00000007aab00000,0x00000007ab180000,0x00000007ab180000)
  from space 1536K, 10% used [0x00000007ab300000,0x00000007ab328000,0x00000007ab480000)
  to   space 1536K, 0% used [0x00000007ab180000,0x00000007ab180000,0x00000007ab300000)
 ParOldGen       total 64000K, used 1524K [0x0000000780000000, 0x0000000783e80000, 0x00000007aab00000)
  object space 64000K, 2% used [0x0000000780000000,0x000000078017d158,0x0000000783e80000)
 Metaspace       used 8456K, capacity 8586K, committed 8832K, reserved 1056768K
  class space    used 1012K, capacity 1077K, committed 1152K, reserved 1048576K
Event: 1.415 GC heap after
Heap after GC invocations=11 (full 0):
 PSYoungGen      total 8192K, used 128K [0x00000007aab00000, 0x00000007ab880000, 0x00000007c0000000)
  eden space 6656K, 0% used [0x00000007aab00000,0x00000007aab00000,0x00000007ab180000)
  from space 1536K, 8% used [0x00000007ab180000,0x00000007ab1a0000,0x00000007ab300000)
  to   space 1536K, 0% used [0x00000007ab700000,0x00000007ab700000,0x00000007ab880000)
 ParOldGen       total 64000K, used 1540K [0x0000000780000000, 0x0000000783e80000, 0x00000007aab00000)
  object space 64000K, 2% used [0x0000000780000000,0x0000000780181158,0x0000000783e80000)
 Metaspace       used 8456K, capacity 8586K, committed 8832K, reserved 1056768K
  class space    used 1012K, capacity 1077K, committed 1152K, reserved 1048576K
}
Event: 1.553 GC heap before
{Heap before GC invocations=12 (full 0):
 PSYoungGen      total 8192K, used 6784K [0x00000007aab00000, 0x00000007ab880000, 0x00000007c0000000)
  eden space 6656K, 100% used [0x00000007aab00000,0x00000007ab180000,0x00000007ab180000)
  from space 1536K, 8% used [0x00000007ab180000,0x00000007ab1a0000,0x00000007ab300000)
  to   space 1536K, 0% used [0x00000007ab700000,0x00000007ab700000,0x00000007ab880000)
 ParOldGen       total 64000K, used 1540K [0x0000000780000000, 0x0000000783e80000, 0x00000007aab00000)
  object space 64000K, 2% used [0x0000000780000000,0x0000000780181158,0x0000000783e80000)
 Metaspace       used 8680K, capacity 8810K, committed 9088K, reserved 1056768K
  class space    used 1043K, capacity 1109K, committed 1152K, reserved 1048576K
Event: 1.554 GC heap after
Heap after GC invocations=12 (full 0):
 PSYoungGen      total 12288K, used 224K [0x00000007aab00000, 0x00000007ab880000, 0x00000007c0000000)
  eden space 10752K, 0% used [0x00000007aab00000,0x00000007aab00000,0x00000007ab580000)
  from space 1536K, 14% used [0x00000007ab700000,0x00000007ab738000,0x00000007ab880000)
  to   space 1536K, 0% used [0x00000007ab580000,0x00000007ab580000,0x00000007ab700000)
 ParOldGen       total 64000K, used 1556K [0x0000000780000000, 0x0000000783e80000, 0x00000007aab00000)
  object space 64000K, 2% used [0x0000000780000000,0x0000000780185158,0x0000000783e80000)
 Metaspace       used 8680K, capacity 8810K, committed 9088K, reserved 1056768K
  class space    used 1043K, capacity 1109K, committed 1152K, reserved 1048576K
}
Event: 1.705 GC heap before
{Heap before GC invocations=13 (full 0):
 PSYoungGen      total 12288K, used 10976K [0x00000007aab00000, 0x00000007ab880000, 0x00000007c0000000)
  eden space 10752K, 100% used [0x00000007aab00000,0x00000007ab580000,0x00000007ab580000)
  from space 1536K, 14% used [0x00000007ab700000,0x00000007ab738000,0x00000007ab880000)
  to   space 1536K, 0% used [0x00000007ab580000,0x00000007ab580000,0x00000007ab700000)
 ParOldGen       total 64000K, used 1556K [0x0000000780000000, 0x0000000783e80000, 0x00000007aab00000)
  object space 64000K, 2% used [0x0000000780000000,0x0000000780185158,0x0000000783e80000)
 Metaspace       used 8682K, capacity 8810K, committed 9088K, reserved 1056768K
  class space    used 1043K, capacity 1109K, committed 1152K, reserved 1048576K
Event: 1.705 GC heap after
Heap after GC invocations=13 (full 0):
 PSYoungGen      total 12288K, used 64K [0x00000007aab00000, 0x00000007abf00000, 0x00000007c0000000)
  eden space 10752K, 0% used [0x00000007aab00000,0x00000007aab00000,0x00000007ab580000)
  from space 1536K, 4% used [0x00000007ab580000,0x00000007ab590000,0x00000007ab700000)
  to   space 1536K, 0% used [0x00000007abd80000,0x00000007abd80000,0x00000007abf00000)
 ParOldGen       total 64000K, used 1604K [0x0000000780000000, 0x0000000783e80000, 0x00000007aab00000)
  object space 64000K, 2% used [0x0000000780000000,0x0000000780191158,0x0000000783e80000)
 Metaspace       used 8682K, capacity 8810K, committed 9088K, reserved 1056768K
  class space    used 1043K, capacity 1109K, committed 1152K, reserved 1048576K
}
Event: 1.832 GC heap before
{Heap before GC invocations=14 (full 0):
 PSYoungGen      total 12288K, used 10816K [0x00000007aab00000, 0x00000007abf00000, 0x00000007c0000000)
  eden space 10752K, 100% used [0x00000007aab00000,0x00000007ab580000,0x00000007ab580000)
  from space 1536K, 4% used [0x00000007ab580000,0x00000007ab590000,0x00000007ab700000)
  to   space 1536K, 0% used [0x00000007abd80000,0x00000007abd80000,0x00000007abf00000)
 ParOldGen       total 64000K, used 1604K [0x0000000780000000, 0x0000000783e80000, 0x00000007aab00000)
  object space 64000K, 2% used [0x0000000780000000,0x0000000780191158,0x0000000783e80000)
 Metaspace       used 8686K, capacity 8810K, committed 9088K, reserved 1056768K
  class space    used 1043K, capacity 1109K, committed 1152K, reserved 1048576K
Event: 1.834 GC heap after
Heap after GC invocations=14 (full 0):
 PSYoungGen      total 18944K, used 64K [0x00000007aab00000, 0x00000007abf00000, 0x00000007c0000000)
  eden space 17408K, 0% used [0x00000007aab00000,0x00000007aab00000,0x00000007abc00000)
  from space 1536K, 4% used [0x00000007abd80000,0x00000007abd90000,0x00000007abf00000)
  to   space 1536K, 0% used [0x00000007abc00000,0x00000007abc00000,0x00000007abd80000)
 ParOldGen       total 64000K, used 1604K [0x0000000780000000, 0x0000000783e80000, 0x00000007aab00000)
  object space 64000K, 2% used [0x0000000780000000,0x0000000780191158,0x0000000783e80000)
 Metaspace       used 8686K, capacity 8810K, committed 9088K, reserved 1056768K
  class space    used 1043K, capacity 1109K, committed 1152K, reserved 1048576K
}
Event: 2.006 GC heap before
{Heap before GC invocations=15 (full 0):
 PSYoungGen      total 18944K, used 17472K [0x00000007aab00000, 0x00000007abf00000, 0x00000007c0000000)
  eden space 17408K, 100% used [0x00000007aab00000,0x00000007abc00000,0x00000007abc00000)
  from space 1536K, 4% used [0x00000007abd80000,0x00000007abd90000,0x00000007abf00000)
  to   space 1536K, 0% used [0x00000007abc00000,0x00000007abc00000,0x00000007abd80000)
 ParOldGen       total 64000K, used 1604K [0x0000000780000000, 0x0000000783e80000, 0x00000007aab00000)
  object space 64000K, 2% used [0x0000000780000000,0x0000000780191158,0x0000000783e80000)
 Metaspace       used 8686K, capacity 8810K, committed 9088K, reserved 1056768K
  class space    used 1043K, capacity 1109K, committed 1152K, reserved 1048576K
Event: 2.007 GC heap after
Heap after GC invocations=15 (full 0):
 PSYoungGen      total 18944K, used 192K [0x00000007aab00000, 0x00000007ac980000, 0x00000007c0000000)
  eden space 17408K, 0% used [0x00000007aab00000,0x00000007aab00000,0x00000007abc00000)
  from space 1536K, 12% used [0x00000007abc00000,0x00000007abc30000,0x00000007abd80000)
  to   space 1536K, 0% used [0x00000007ac800000,0x00000007ac800000,0x00000007ac980000)
 ParOldGen       total 64000K, used 1612K [0x0000000780000000, 0x0000000783e80000, 0x00000007aab00000)
  object space 64000K, 2% used [0x0000000780000000,0x0000000780193158,0x0000000783e80000)
 Metaspace       used 8686K, capacity 8810K, committed 9088K, reserved 1056768K
  class space    used 1043K, capacity 1109K, committed 1152K, reserved 1048576K
}

