# JRE version: Java(TM) SE Runtime Environment (8.0_05-b13) (build 1.8.0_05-b13)
# Java VM: Java HotSpot(TM) 64-Bit Server VM (25.5-b02 mixed mode bsd-amd64 compressed oops)
Heap:
 PSYoungGen      total 2560K, used 2149K [0x00000007aab00000, 0x00000007ab000000, 0x00000007c0000000)
  eden space 1536K, 74% used [0x00000007aab00000,0x00000007aac1ca08,0x00000007aac80000)
  from space 1024K, 98% used [0x00000007aae00000,0x00000007aaefcb00,0x00000007aaf00000)
  to   space 1536K, 0% used [0x00000007aac80000,0x00000007aac80000,0x00000007aae00000)
 ParOldGen       total 64000K, used 1093K [0x0000000780000000, 0x0000000783e80000, 0x00000007aab00000)
  object space 64000K, 1% used [0x0000000780000000,0x0000000780111628,0x0000000783e80000)
 Metaspace       used 9062K, capacity 9214K, committed 9344K, reserved 1056768K
  class space    used 1094K, capacity 1141K, committed 1152K, reserved 1048576K
GC Heap History (10 events):
Event: 1.366 GC heap before
{Heap before GC invocations=2 (full 0):
 PSYoungGen      total 1024K, used 992K [0x00000007aab00000, 0x00000007aad00000, 0x00000007c0000000)
  eden space 512K, 100% used [0x00000007aab00000,0x00000007aab80000,0x00000007aab80000)
  from space 512K, 93% used [0x00000007aab80000,0x00000007aabf8020,0x00000007aac00000)
  to   space 512K, 0% used [0x00000007aac80000,0x00000007aac80000,0x00000007aad00000)
 ParOldGen       total 64000K, used 8K [0x0000000780000000, 0x0000000783e80000, 0x00000007aab00000)
  object space 64000K, 0% used [0x0000000780000000,0x0000000780002000,0x0000000783e80000)
 Metaspace       used 4201K, capacity 4698K, committed 4992K, reserved 1056768K
  class space    used 466K, capacity 522K, committed 640K, reserved 1048576K
Event: 1.367 GC heap after
Heap after GC invocations=2 (full 0):
 PSYoungGen      total 1024K, used 480K [0x00000007aab00000, 0x00000007aad00000, 0x00000007c0000000)
  eden space 512K, 0% used [0x00000007aab00000,0x00000007aab00000,0x00000007aab80000)
  from space 512K, 93% used [0x00000007aac80000,0x00000007aacf8020,0x00000007aad00000)
  to   space 512K, 0% used [0x00000007aab80000,0x00000007aab80000,0x00000007aac00000)
 ParOldGen       total 64000K, used 152K [0x0000000780000000, 0x0000000783e80000, 0x00000007aab00000)
  object space 64000K, 0% used [0x0000000780000000,0x0000000780026000,0x0000000783e80000)
 Metaspace       used 4201K, capacity 4698K, committed 4992K, reserved 1056768K
  class space    used 466K, capacity 522K, committed 640K, reserved 1048576K
}
Event: 1.400 GC heap before
{Heap before GC invocations=3 (full 0):
 PSYoungGen      total 1024K, used 992K [0x00000007aab00000, 0x00000007aad00000, 0x00000007c0000000)
  eden space 512K, 100% used [0x00000007aab00000,0x00000007aab80000,0x00000007aab80000)
  from space 512K, 93% used [0x00000007aac80000,0x00000007aacf8020,0x00000007aad00000)
  to   space 512K, 0% used [0x00000007aab80000,0x00000007aab80000,0x00000007aac00000)
 ParOldGen       total 64000K, used 152K [0x0000000780000000, 0x0000000783e80000, 0x00000007aab00000)
  object space 64000K, 0% used [0x0000000780000000,0x0000000780026000,0x0000000783e80000)
 Metaspace       used 4600K, capacity 4774K, committed 4992K, reserved 1056768K
  class space    used 513K, capacity 576K, committed 640K, reserved 1048576K
Event: 1.401 GC heap after
Heap after GC invocations=3 (full 0):
 PSYoungGen      total 1024K, used 480K [0x00000007aab00000, 0x00000007aad00000, 0x00000007c0000000)
  eden space 512K, 0% used [0x00000007aab00000,0x00000007aab00000,0x00000007aab80000)
  from space 512K, 93% used [0x00000007aab80000,0x00000007aabf8020,0x00000007aac00000)
  to   space 512K, 0% used [0x00000007aac80000,0x00000007aac80000,0x00000007aad00000)
 ParOldGen       total 64000K, used 256K [0x0000000780000000, 0x0000000783e80000, 0x00000007aab00000)
  object space 64000K, 0% used [0x0000000780000000,0x0000000780040000,0x0000000783e80000)
 Metaspace       used 4600K, capacity 4774K, committed 4992K, reserved 1056768K
  class space    used 513K, capacity 576K, committed 640K, reserved 1048576K
}
Event: 1.566 GC heap before
{Heap before GC invocations=4 (full 0):
 PSYoungGen      total 1024K, used 992K [0x00000007aab00000, 0x00000007aad00000, 0x00000007c0000000)
  eden space 512K, 100% used [0x00000007aab00000,0x00000007aab80000,0x00000007aab80000)
  from space 512K, 93% used [0x00000007aab80000,0x00000007aabf8020,0x00000007aac00000)
  to   space 512K, 0% used [0x00000007aac80000,0x00000007aac80000,0x00000007aad00000)
 ParOldGen       total 64000K, used 256K [0x0000000780000000, 0x0000000783e80000, 0x00000007aab00000)
  object space 64000K, 0% used [0x0000000780000000,0x0000000780040000,0x0000000783e80000)
 Metaspace       used 6182K, capacity 6316K, committed 6400K, reserved 1056768K
  class space    used 702K, capacity 753K, committed 768K, reserved 1048576K
Event: 1.568 GC heap after
Heap after GC invocations=4 (full 0):
 PSYoungGen      total 1536K, used 480K [0x00000007aab00000, 0x00000007aad00000, 0x00000007c0000000)
  eden space 1024K, 0% used [0x00000007aab00000,0x00000007aab00000,0x00000007aac00000)
  from space 512K, 93% used [0x00000007aac80000,0x00000007aacf8020,0x00000007aad00000)
  to   space 512K, 0% used [0x00000007aac00000,0x00000007aac00000,0x00000007aac80000)
 ParOldGen       total 64000K, used 440K [0x0000000780000000, 0x0000000783e80000, 0x00000007aab00000)
  object space 64000K, 0% used [0x0000000780000000,0x000000078006e000,0x0000000783e80000)
 Metaspace       used 6182K, capacity 6316K, committed 6400K, reserved 1056768K
  class space    used 702K, capacity 753K, committed 768K, reserved 1048576K
}
Event: 2.366 GC heap before
{Heap before GC invocations=5 (full 0):
 PSYoungGen      total 1536K, used 1504K [0x00000007aab00000, 0x00000007aad00000, 0x00000007c0000000)
  eden space 1024K, 100% used [0x00000007aab00000,0x00000007aac00000,0x00000007aac00000)
  from space 512K, 93% used [0x00000007aac80000,0x00000007aacf8020,0x00000007aad00000)
  to   space 512K, 0% used [0x00000007aac00000,0x00000007aac00000,0x00000007aac80000)
 ParOldGen       total 64000K, used 440K [0x0000000780000000, 0x0000000783e80000, 0x00000007aab00000)
  object space 64000K, 0% used [0x0000000780000000,0x000000078006e000,0x0000000783e80000)
 Metaspace       used 8490K, capacity 8638K, committed 8832K, reserved 1056768K
  class space    used 1030K, capacity 1077K, committed 1152K, reserved 1048576K
Event: 2.370 GC heap after
Heap after GC invocations=5 (full 0):
 PSYoungGen      total 1536K, used 498K [0x00000007aab00000, 0x00000007aaf00000, 0x00000007c0000000)
  eden space 1024K, 0% used [0x00000007aab00000,0x00000007aab00000,0x00000007aac00000)
  from space 512K, 97% used [0x00000007aac00000,0x00000007aac7cb00,0x00000007aac80000)
  to   space 1024K, 0% used [0x00000007aae00000,0x00000007aae00000,0x00000007aaf00000)
 ParOldGen       total 64000K, used 997K [0x0000000780000000, 0x0000000783e80000, 0x00000007aab00000)
  object space 64000K, 1% used [0x0000000780000000,0x00000007800f9628,0x0000000783e80000)
 Metaspace       used 8490K, capacity 8638K, committed 8832K, reserved 1056768K
  class space    used 1030K, capacity 1077K, committed 1152K, reserved 1048576K
}
Event: 2.938 GC heap before
{Heap before GC invocations=6 (full 0):
 PSYoungGen      total 1536K, used 1522K [0x00000007aab00000, 0x00000007aaf00000, 0x00000007c0000000)
  eden space 1024K, 100% used [0x00000007aab00000,0x00000007aac00000,0x00000007aac00000)
  from space 512K, 97% used [0x00000007aac00000,0x00000007aac7cb00,0x00000007aac80000)
  to   space 1024K, 0% used [0x00000007aae00000,0x00000007aae00000,0x00000007aaf00000)
 ParOldGen       total 64000K, used 997K [0x0000000780000000, 0x0000000783e80000, 0x00000007aab00000)
  object space 64000K, 1% used [0x0000000780000000,0x00000007800f9628,0x0000000783e80000)
 Metaspace       used 8588K, capacity 8734K, committed 8832K, reserved 1056768K
  class space    used 1043K, capacity 1109K, committed 1152K, reserved 1048576K
Event: 2.942 GC heap after
Heap after GC invocations=6 (full 0):
 PSYoungGen      total 2560K, used 1010K [0x00000007aab00000, 0x00000007ab000000, 0x00000007c0000000)
  eden space 1536K, 0% used [0x00000007aab00000,0x00000007aab00000,0x00000007aac80000)
  from space 1024K, 98% used [0x00000007aae00000,0x00000007aaefcb00,0x00000007aaf00000)
  to   space 1536K, 0% used [0x00000007aac80000,0x00000007aac80000,0x00000007aae00000)
 ParOldGen       total 64000K, used 1093K [0x0000000780000000, 0x0000000783e80000, 0x00000007aab00000)
  object space 64000K, 1% used [0x0000000780000000,0x0000000780111628,0x0000000783e80000)
 Metaspace       used 8588K, capacity 8734K, committed 8832K, reserved 1056768K
  class space    used 1043K, capacity 1109K, committed 1152K, reserved 1048576K
}

